<?xml version="1.0" encoding="UTF-8"?>
<coverage generated="1527225417789" clover="3.2.0">
  <project timestamp="1527225417790" name="All files">
    <metrics statements="10" coveredstatements="10" conditionals="4" coveredconditionals="2" methods="6" coveredmethods="6" elements="20" coveredelements="18" complexity="0" loc="10" ncloc="10" packages="1" files="1" classes="1">
      <file name="index.js" path="C:\Users\reidm\Code\recontextualize\src\index.js">
        <metrics statements="10" coveredstatements="10" conditionals="4" coveredconditionals="2" methods="6" coveredmethods="6"/>
        <line num="4" count="8" type="stmt"/>
        <line num="5" count="8" type="stmt"/>
        <line num="6" count="8" type="stmt"/>
        <line num="8" count="8" type="stmt"/>
        <line num="9" count="7" type="stmt"/>
        <line num="19" count="1" type="stmt"/>
        <line num="22" count="1" type="stmt"/>
        <line num="23" count="2" type="stmt"/>
        <line num="26" count="1" type="stmt"/>
        <line num="34" count="8" type="stmt"/>
      </file>
    </metrics>
  </project>
</coverage>
