{"C:\\Users\\reidm\\Code\\recontextualize\\src\\index.js": {"path":"C:\\Users\\reidm\\Code\\recontextualize\\src\\index.js","statementMap":{"0":{"start":{"line":4,"column":33},"end":{"line":4,"column":60}},"1":{"start":{"line":5,"column":2},"end":{"line":5,"column":41}},"2":{"start":{"line":6,"column":2},"end":{"line":6,"column":41}},"3":{"start":{"line":8,"column":20},"end":{"line":32,"column":3}},"4":{"start":{"line":8,"column":47},"end":{"line":32,"column":3}},"5":{"start":{"line":9,"column":4},"end":{"line":31,"column":6}},"6":{"start":{"line":19,"column":8},"end":{"line":29,"column":10}},"7":{"start":{"line":22,"column":34},"end":{"line":24,"column":20}},"8":{"start":{"line":23,"column":16},"end":{"line":23,"column":54}},"9":{"start":{"line":26,"column":14},"end":{"line":26,"column":73}},"10":{"start":{"line":34,"column":2},"end":{"line":34,"column":48}}},"fnMap":{"0":{"name":"init","decl":{"start":{"line":3,"column":24},"end":{"line":3,"column":28}},"loc":{"start":{"line":3,"column":48},"end":{"line":35,"column":1}},"line":3},"1":{"name":"(anonymous_1)","decl":{"start":{"line":8,"column":20},"end":{"line":8,"column":21}},"loc":{"start":{"line":8,"column":47},"end":{"line":32,"column":3}},"line":8},"2":{"name":"(anonymous_2)","decl":{"start":{"line":8,"column":47},"end":{"line":8,"column":48}},"loc":{"start":{"line":8,"column":65},"end":{"line":32,"column":3}},"line":8},"3":{"name":"(anonymous_3)","decl":{"start":{"line":18,"column":6},"end":{"line":18,"column":7}},"loc":{"start":{"line":18,"column":15},"end":{"line":30,"column":7}},"line":18},"4":{"name":"(anonymous_4)","decl":{"start":{"line":21,"column":13},"end":{"line":21,"column":14}},"loc":{"start":{"line":21,"column":22},"end":{"line":27,"column":13}},"line":21},"5":{"name":"(anonymous_5)","decl":{"start":{"line":22,"column":60},"end":{"line":22,"column":61}},"loc":{"start":{"line":22,"column":75},"end":{"line":24,"column":15}},"line":22}},"branchMap":{"0":{"loc":{"start":{"line":3,"column":29},"end":{"line":3,"column":46}},"type":"default-arg","locations":[{"start":{"line":3,"column":44},"end":{"line":3,"column":46}}],"line":3},"1":{"loc":{"start":{"line":10,"column":40},"end":{"line":12,"column":19}},"type":"binary-expr","locations":[{"start":{"line":10,"column":40},"end":{"line":10,"column":66}},{"start":{"line":11,"column":8},"end":{"line":11,"column":27}},{"start":{"line":12,"column":8},"end":{"line":12,"column":19}}],"line":10}},"s":{"0":8,"1":8,"2":8,"3":8,"4":7,"5":7,"6":1,"7":1,"8":2,"9":1,"10":8},"f":{"0":8,"1":7,"2":7,"3":1,"4":1,"5":2},"b":{"0":[0],"1":[7,6,0]},"_coverageSchema":"332fd63041d2c1bcb487cc26dd0d5f7d97098a6c","hash":"b9391e880e4ea1d8674d4c4e96ba449bf5d5beab"}
}
